{"name":"BeforeClass","status":"broken","statusDetails":{"known":false,"muted":false,"flaky":false,"message":"The local appium server has not been started. The given Node.js executable: C:\\Program Files\\nodejs\\node.exe Arguments: [C:\\Users\\DELL\\AppData\\Roaming\\npm\\node_modules\\appium\\lib, --port, 4723, --address, 0.0.0.0] \nProcess output: internal/modules/cjs/loader.js:883\r\n  throw err;\r\n  ^\r\n\r\nError: Cannot find module 'C:\\Users\\DELL\\AppData\\Roaming\\npm\\node_modules\\appium\\lib'\r\n    at Function.Module._resolveFilename (internal/modules/cjs/loader.js:880:15)\r\n    at Function.Module._load (internal/modules/cjs/loader.js:725:27)\r\n    at Function.executeUserEntryPoint [as runMain] (internal/modules/run_main.js:72:12)\r\n    at internal/main/run_main_module.js:17:47 {\r\n  code: 'MODULE_NOT_FOUND',\r\n  requireStack: []\r\n}\r\n\n","trace":"io.appium.java_client.service.local.AppiumServerHasNotBeenStartedLocallyException: The local appium server has not been started. The given Node.js executable: C:\\Program Files\\nodejs\\node.exe Arguments: [C:\\Users\\DELL\\AppData\\Roaming\\npm\\node_modules\\appium\\lib, --port, 4723, --address, 0.0.0.0] \nProcess output: internal/modules/cjs/loader.js:883\r\n  throw err;\r\n  ^\r\n\r\nError: Cannot find module 'C:\\Users\\DELL\\AppData\\Roaming\\npm\\node_modules\\appium\\lib'\r\n    at Function.Module._resolveFilename (internal/modules/cjs/loader.js:880:15)\r\n    at Function.Module._load (internal/modules/cjs/loader.js:725:27)\r\n    at Function.executeUserEntryPoint [as runMain] (internal/modules/run_main.js:72:12)\r\n    at internal/main/run_main_module.js:17:47 {\r\n  code: 'MODULE_NOT_FOUND',\r\n  requireStack: []\r\n}\r\n\n\r\n\tat io.appium.java_client.service.local.AppiumDriverLocalService.start(AppiumDriverLocalService.java:168)\r\n\tat utils.AppiumServer.Start(AppiumServer.java:37)\r\n\tat swag_app.Negative_TC2.BeforeClass(Negative_TC2.java:37)\r\n\tat java.base/jdk.internal.reflect.NativeMethodAccessorImpl.invoke0(Native Method)\r\n\tat java.base/jdk.internal.reflect.NativeMethodAccessorImpl.invoke(NativeMethodAccessorImpl.java:62)\r\n\tat java.base/jdk.internal.reflect.DelegatingMethodAccessorImpl.invoke(DelegatingMethodAccessorImpl.java:43)\r\n\tat java.base/java.lang.reflect.Method.invoke(Method.java:566)\r\n\tat org.testng.internal.MethodInvocationHelper.invokeMethod(MethodInvocationHelper.java:133)\r\n\tat org.testng.internal.MethodInvocationHelper.invokeMethodConsideringTimeout(MethodInvocationHelper.java:62)\r\n\tat org.testng.internal.ConfigInvoker.invokeConfigurationMethod(ConfigInvoker.java:385)\r\n\tat org.testng.internal.ConfigInvoker.invokeConfigurations(ConfigInvoker.java:321)\r\n\tat org.testng.internal.TestMethodWorker.invokeBeforeClassMethods(TestMethodWorker.java:176)\r\n\tat org.testng.internal.TestMethodWorker.run(TestMethodWorker.java:122)\r\n\tat java.base/java.util.ArrayList.forEach(ArrayList.java:1541)\r\n\tat org.testng.TestRunner.privateRun(TestRunner.java:794)\r\n\tat org.testng.TestRunner.run(TestRunner.java:596)\r\n\tat org.testng.SuiteRunner.runTest(SuiteRunner.java:377)\r\n\tat org.testng.SuiteRunner.runSequentially(SuiteRunner.java:371)\r\n\tat org.testng.SuiteRunner.privateRun(SuiteRunner.java:332)\r\n\tat org.testng.SuiteRunner.run(SuiteRunner.java:276)\r\n\tat org.testng.SuiteRunnerWorker.runSuite(SuiteRunnerWorker.java:53)\r\n\tat org.testng.SuiteRunnerWorker.run(SuiteRunnerWorker.java:96)\r\n\tat org.testng.TestNG.runSuitesSequentially(TestNG.java:1212)\r\n\tat org.testng.TestNG.runSuitesLocally(TestNG.java:1134)\r\n\tat org.testng.TestNG.runSuites(TestNG.java:1063)\r\n\tat org.testng.TestNG.run(TestNG.java:1031)\r\n\tat org.testng.remote.AbstractRemoteTestNG.run(AbstractRemoteTestNG.java:115)\r\n\tat org.testng.remote.RemoteTestNG.initAndRun(RemoteTestNG.java:251)\r\n\tat org.testng.remote.RemoteTestNG.main(RemoteTestNG.java:77)\r\nCaused by: org.openqa.selenium.net.UrlChecker$TimeoutException: Timed out waiting for [http://127.0.0.1:4723/wd/hub/status] to be available after 120005 ms\r\n\tat org.openqa.selenium.net.UrlChecker.waitUntilAvailable(UrlChecker.java:100)\r\n\tat io.appium.java_client.service.local.AppiumDriverLocalService.ping(AppiumDriverLocalService.java:133)\r\n\tat io.appium.java_client.service.local.AppiumDriverLocalService.start(AppiumDriverLocalService.java:155)\r\n\t... 28 more\r\nCaused by: java.util.concurrent.TimeoutException\r\n\tat java.base/java.util.concurrent.FutureTask.get(FutureTask.java:204)\r\n\tat com.google.common.util.concurrent.SimpleTimeLimiter.callWithTimeout(SimpleTimeLimiter.java:156)\r\n\tat org.openqa.selenium.net.UrlChecker.waitUntilAvailable(UrlChecker.java:75)\r\n\t... 30 more\r\n"},"stage":"finished","steps":[],"attachments":[],"parameters":[],"start":1628110560025,"stop":1628110560027,"uuid":"5b3489d5-61d1-47b8-9740-4a9324c35158","historyId":"85fcdd46b68c2a8c896bc34eca0e1e10","fullName":"swag_app.Negative_TC2.BeforeClass","labels":[{"name":"package","value":"swag_app.Negative_TC2"},{"name":"testClass","value":"swag_app.Negative_TC2"},{"name":"testMethod","value":"BeforeClass"},{"name":"parentSuite","value":"Default suite"},{"name":"suite","value":"Default test"},{"name":"subSuite","value":"swag_app.Negative_TC2"},{"name":"host","value":"DESKTOP-F8LMP1E"},{"name":"thread","value":"14212@DESKTOP-F8LMP1E.main(1)"},{"name":"framework","value":"testng"},{"name":"language","value":"java"},{"name":"AS_ID","value":"-1"}],"links":[]}