{"name":"Runs Cucumber Features","status":"broken","statusDetails":{"known":false,"muted":false,"flaky":false,"message":"java.util.regex.PatternSyntaxException: Illegal repetition near index 25\r\n^Verify the Error message {string}$\r\n                         ^","trace":"cucumber.runtime.CucumberException: java.util.regex.PatternSyntaxException: Illegal repetition near index 25\r\n^Verify the Error message {string}$\r\n                         ^\r\n\tat cucumber.runtime.java.JavaBackend.addStepDefinition(JavaBackend.java:157)\r\n\tat cucumber.runtime.java.MethodScanner.scan(MethodScanner.java:68)\r\n\tat cucumber.runtime.java.MethodScanner.scan(MethodScanner.java:41)\r\n\tat cucumber.runtime.java.JavaBackend.loadGlue(JavaBackend.java:89)\r\n\tat cucumber.runtime.Runtime.<init>(Runtime.java:90)\r\n\tat cucumber.runtime.Runtime.<init>(Runtime.java:68)\r\n\tat cucumber.runtime.Runtime.<init>(Runtime.java:64)\r\n\tat cucumber.api.testng.TestNGCucumberRunner.<init>(TestNGCucumberRunner.java:35)\r\n\tat cucumber.api.testng.AbstractTestNGCucumberTests.run_cukes(AbstractTestNGCucumberTests.java:14)\r\n\tat java.base/jdk.internal.reflect.NativeMethodAccessorImpl.invoke0(Native Method)\r\n\tat java.base/jdk.internal.reflect.NativeMethodAccessorImpl.invoke(NativeMethodAccessorImpl.java:62)\r\n\tat java.base/jdk.internal.reflect.DelegatingMethodAccessorImpl.invoke(DelegatingMethodAccessorImpl.java:43)\r\n\tat java.base/java.lang.reflect.Method.invoke(Method.java:566)\r\n\tat org.testng.internal.MethodInvocationHelper.invokeMethod(MethodInvocationHelper.java:133)\r\n\tat org.testng.internal.MethodInvocationHelper$1.runTestMethod(MethodInvocationHelper.java:239)\r\n\tat cucumber.api.testng.AbstractTestNGCucumberTests.run(AbstractTestNGCucumberTests.java:19)\r\n\tat org.testng.internal.MethodInvocationHelper.invokeHookable(MethodInvocationHelper.java:253)\r\n\tat org.testng.internal.TestInvoker.invokeMethod(TestInvoker.java:594)\r\n\tat org.testng.internal.TestInvoker.invokeTestMethod(TestInvoker.java:173)\r\n\tat org.testng.internal.MethodRunner.runInSequence(MethodRunner.java:46)\r\n\tat org.testng.internal.TestInvoker$MethodInvocationAgent.invoke(TestInvoker.java:824)\r\n\tat org.testng.internal.TestInvoker.invokeTestMethods(TestInvoker.java:146)\r\n\tat org.testng.internal.TestMethodWorker.invokeTestMethods(TestMethodWorker.java:146)\r\n\tat org.testng.internal.TestMethodWorker.run(TestMethodWorker.java:128)\r\n\tat java.base/java.util.ArrayList.forEach(ArrayList.java:1541)\r\n\tat org.testng.TestRunner.privateRun(TestRunner.java:794)\r\n\tat org.testng.TestRunner.run(TestRunner.java:596)\r\n\tat org.testng.SuiteRunner.runTest(SuiteRunner.java:377)\r\n\tat org.testng.SuiteRunner.runSequentially(SuiteRunner.java:371)\r\n\tat org.testng.SuiteRunner.privateRun(SuiteRunner.java:332)\r\n\tat org.testng.SuiteRunner.run(SuiteRunner.java:276)\r\n\tat org.testng.SuiteRunnerWorker.runSuite(SuiteRunnerWorker.java:53)\r\n\tat org.testng.SuiteRunnerWorker.run(SuiteRunnerWorker.java:96)\r\n\tat org.testng.TestNG.runSuitesSequentially(TestNG.java:1212)\r\n\tat org.testng.TestNG.runSuitesLocally(TestNG.java:1134)\r\n\tat org.testng.TestNG.runSuites(TestNG.java:1063)\r\n\tat org.testng.TestNG.run(TestNG.java:1031)\r\n\tat org.testng.remote.AbstractRemoteTestNG.run(AbstractRemoteTestNG.java:115)\r\n\tat org.testng.remote.RemoteTestNG.initAndRun(RemoteTestNG.java:251)\r\n\tat org.testng.remote.RemoteTestNG.main(RemoteTestNG.java:77)\r\nCaused by: java.util.regex.PatternSyntaxException: Illegal repetition near index 25\r\n^Verify the Error message {string}$\r\n                         ^\r\n\tat java.base/java.util.regex.Pattern.error(Pattern.java:2027)\r\n\tat java.base/java.util.regex.Pattern.closure(Pattern.java:3320)\r\n\tat java.base/java.util.regex.Pattern.sequence(Pattern.java:2213)\r\n\tat java.base/java.util.regex.Pattern.expr(Pattern.java:2068)\r\n\tat java.base/java.util.regex.Pattern.compile(Pattern.java:1782)\r\n\tat java.base/java.util.regex.Pattern.<init>(Pattern.java:1428)\r\n\tat java.base/java.util.regex.Pattern.compile(Pattern.java:1068)\r\n\tat cucumber.runtime.java.JavaBackend.pattern(JavaBackend.java:202)\r\n\tat cucumber.runtime.java.JavaBackend.addStepDefinition(JavaBackend.java:153)\r\n\t... 39 more\r\n"},"stage":"finished","steps":[],"attachments":[],"parameters":[],"start":1628828900089,"stop":1628828900510,"uuid":"b905163b-ae44-408d-9c36-cb82272873a3","historyId":"e1a708ab78c0f4f8ea6e6b89d8ede","fullName":"cucumber.api.testng.AbstractTestNGCucumberTests.run_cukes","labels":[{"name":"package","value":"testRunner.TestRunner"},{"name":"testClass","value":"testRunner.TestRunner"},{"name":"testMethod","value":"run_cukes"},{"name":"parentSuite","value":"Default suite"},{"name":"suite","value":"Default test"},{"name":"subSuite","value":"testRunner.TestRunner"},{"name":"host","value":"DESKTOP-F8LMP1E"},{"name":"thread","value":"4336@DESKTOP-F8LMP1E.main(1)"},{"name":"framework","value":"testng"},{"name":"language","value":"java"}],"links":[]}