{"name":"Runs Cucumber Features","status":"skipped","statusDetails":{"known":false,"muted":false,"flaky":false,"message":"cucumber.runtime.CucumberException: Arity mismatch: Step Definition 'stepDefinations.LoginStepDef.enter_credentials_username_as_something_and_password_as_something_and_login_application(String,String,String,String) in file:/C:/Users/DELL/eclipse-workspace/Swag_APP_UI_Automation/target/test-classes/' with pattern [^Enter credentials username as \"([^\"]*)\" and password as \"([^\"]*)\" and login application$] is declared with 4 parameters. However, the gherkin step has 2 arguments [locked_out_user, secret_sauce]. \nStep: When Enter credentials username as \"locked_out_user\" and password as \"secret_sauce\" and login application","trace":"cucumber.runtime.CucumberException: cucumber.runtime.CucumberException: Arity mismatch: Step Definition 'stepDefinations.LoginStepDef.enter_credentials_username_as_something_and_password_as_something_and_login_application(String,String,String,String) in file:/C:/Users/DELL/eclipse-workspace/Swag_APP_UI_Automation/target/test-classes/' with pattern [^Enter credentials username as \"([^\"]*)\" and password as \"([^\"]*)\" and login application$] is declared with 4 parameters. However, the gherkin step has 2 arguments [locked_out_user, secret_sauce]. \nStep: When Enter credentials username as \"locked_out_user\" and password as \"secret_sauce\" and login application\r\n\tat cucumber.api.testng.TestNGCucumberRunner.runCukes(TestNGCucumberRunner.java:48)\r\n\tat cucumber.api.testng.AbstractTestNGCucumberTests.run_cukes(AbstractTestNGCucumberTests.java:14)\r\n\tat java.base/jdk.internal.reflect.NativeMethodAccessorImpl.invoke0(Native Method)\r\n\tat java.base/jdk.internal.reflect.NativeMethodAccessorImpl.invoke(NativeMethodAccessorImpl.java:62)\r\n\tat java.base/jdk.internal.reflect.DelegatingMethodAccessorImpl.invoke(DelegatingMethodAccessorImpl.java:43)\r\n\tat java.base/java.lang.reflect.Method.invoke(Method.java:566)\r\n\tat org.testng.internal.MethodInvocationHelper.invokeMethod(MethodInvocationHelper.java:133)\r\n\tat org.testng.internal.MethodInvocationHelper$1.runTestMethod(MethodInvocationHelper.java:239)\r\n\tat cucumber.api.testng.AbstractTestNGCucumberTests.run(AbstractTestNGCucumberTests.java:19)\r\n\tat org.testng.internal.MethodInvocationHelper.invokeHookable(MethodInvocationHelper.java:253)\r\n\tat org.testng.internal.TestInvoker.invokeMethod(TestInvoker.java:594)\r\n\tat org.testng.internal.TestInvoker.invokeTestMethod(TestInvoker.java:173)\r\n\tat org.testng.internal.MethodRunner.runInSequence(MethodRunner.java:46)\r\n\tat org.testng.internal.TestInvoker$MethodInvocationAgent.invoke(TestInvoker.java:824)\r\n\tat org.testng.internal.TestInvoker.invokeTestMethods(TestInvoker.java:146)\r\n\tat org.testng.internal.TestMethodWorker.invokeTestMethods(TestMethodWorker.java:146)\r\n\tat org.testng.internal.TestMethodWorker.run(TestMethodWorker.java:128)\r\n\tat java.base/java.util.ArrayList.forEach(ArrayList.java:1541)\r\n\tat org.testng.TestRunner.privateRun(TestRunner.java:794)\r\n\tat org.testng.TestRunner.run(TestRunner.java:596)\r\n\tat org.testng.SuiteRunner.runTest(SuiteRunner.java:377)\r\n\tat org.testng.SuiteRunner.runSequentially(SuiteRunner.java:371)\r\n\tat org.testng.SuiteRunner.privateRun(SuiteRunner.java:332)\r\n\tat org.testng.SuiteRunner.run(SuiteRunner.java:276)\r\n\tat org.testng.SuiteRunnerWorker.runSuite(SuiteRunnerWorker.java:53)\r\n\tat org.testng.SuiteRunnerWorker.run(SuiteRunnerWorker.java:96)\r\n\tat org.testng.TestNG.runSuitesSequentially(TestNG.java:1212)\r\n\tat org.testng.TestNG.runSuitesLocally(TestNG.java:1134)\r\n\tat org.testng.TestNG.runSuites(TestNG.java:1063)\r\n\tat org.testng.TestNG.run(TestNG.java:1031)\r\n\tat org.testng.remote.AbstractRemoteTestNG.run(AbstractRemoteTestNG.java:115)\r\n\tat org.testng.remote.RemoteTestNG.initAndRun(RemoteTestNG.java:251)\r\n\tat org.testng.remote.RemoteTestNG.main(RemoteTestNG.java:77)\r\nCaused by: cucumber.runtime.CucumberException: Arity mismatch: Step Definition 'stepDefinations.LoginStepDef.enter_credentials_username_as_something_and_password_as_something_and_login_application(String,String,String,String) in file:/C:/Users/DELL/eclipse-workspace/Swag_APP_UI_Automation/target/test-classes/' with pattern [^Enter credentials username as \"([^\"]*)\" and password as \"([^\"]*)\" and login application$] is declared with 4 parameters. However, the gherkin step has 2 arguments [locked_out_user, secret_sauce]. \nStep: When Enter credentials username as \"locked_out_user\" and password as \"secret_sauce\" and login application\r\n\tat cucumber.runtime.StepDefinitionMatch.arityMismatch(StepDefinitionMatch.java:100)\r\n\tat cucumber.runtime.StepDefinitionMatch.transformedArgs(StepDefinitionMatch.java:60)\r\n\tat cucumber.runtime.StepDefinitionMatch.runStep(StepDefinitionMatch.java:37)\r\n\tat cucumber.runtime.Runtime.runStep(Runtime.java:298)\r\n\tat cucumber.runtime.model.StepContainer.runStep(StepContainer.java:44)\r\n\tat cucumber.runtime.model.StepContainer.runSteps(StepContainer.java:39)\r\n\tat cucumber.runtime.model.CucumberScenario.run(CucumberScenario.java:48)\r\n\tat cucumber.runtime.model.CucumberScenarioOutline.run(CucumberScenarioOutline.java:46)\r\n\tat cucumber.runtime.model.CucumberFeature.run(CucumberFeature.java:163)\r\n\tat cucumber.runtime.Runtime.run(Runtime.java:120)\r\n\tat cucumber.api.testng.TestNGCucumberRunner.runCukes(TestNGCucumberRunner.java:43)\r\n\t... 32 more\r\n"},"stage":"finished","steps":[],"attachments":[],"parameters":[],"start":1628760971309,"stop":1628760988811,"uuid":"df9b1891-a376-4f37-91f3-d2c849b82906","historyId":"e1a708ab78c0f4f8ea6e6b89d8ede","fullName":"cucumber.api.testng.AbstractTestNGCucumberTests.run_cukes","labels":[{"name":"package","value":"testRunner.TestRunner"},{"name":"testClass","value":"testRunner.TestRunner"},{"name":"testMethod","value":"run_cukes"},{"name":"parentSuite","value":"Default suite"},{"name":"suite","value":"Default test"},{"name":"subSuite","value":"testRunner.TestRunner"},{"name":"host","value":"DESKTOP-F8LMP1E"},{"name":"thread","value":"16504@DESKTOP-F8LMP1E.main(1)"},{"name":"framework","value":"testng"},{"name":"language","value":"java"}],"links":[]}